2024-11-01 11:15:24,564 - INFO - Login realizado com sucesso
2024-11-01 11:15:24,623 - ERROR - Erro geral: [Errno 2] No such file or directory: 'inserirDados.xlsx'
2024-11-01 11:15:24,623 - ERROR - Erro durante a execução: [Errno 2] No such file or directory: 'inserirDados.xlsx'
2024-11-01 11:15:26,849 - INFO - Navegador fechado
2024-11-01 11:16:28,472 - INFO - Login realizado com sucesso
2024-11-01 11:17:27,880 - ERROR - Erro geral: Message: 

2024-11-01 11:17:27,880 - ERROR - Erro durante a execução: Message: 

2024-11-01 11:17:30,140 - INFO - Navegador fechado
2024-11-01 11:18:02,519 - INFO - Login realizado com sucesso
2024-11-01 11:18:26,656 - ERROR - Erro geral: Message: element click intercepted: Element <div role="option" id="rc_select_0_list_1" aria-selected="false" class="ant-select-item ant-select-item-option" title="100 / página">...</div> is not clickable at point (871, 731). Other element would receive the click: <span class="sc-jhhoqv fKgWEM">...</span>
  (Session info: chrome=130.0.6723.70)
Stacktrace:
	GetHandleVerifier [0x00007FF66FE93AF5+28005]
	(No symbol) [0x00007FF66FDF83F0]
	(No symbol) [0x00007FF66FC9580A]
	(No symbol) [0x00007FF66FCED6CE]
	(No symbol) [0x00007FF66FCEB16C]
	(No symbol) [0x00007FF66FCE8628]
	(No symbol) [0x00007FF66FCE785D]
	(No symbol) [0x00007FF66FCD990E]
	(No symbol) [0x00007FF66FD0BA3A]
	(No symbol) [0x00007FF66FCD9246]
	(No symbol) [0x00007FF66FD0BC50]
	(No symbol) [0x00007FF66FD2B8B3]
	(No symbol) [0x00007FF66FD0B7E3]
	(No symbol) [0x00007FF66FCD75C8]
	(No symbol) [0x00007FF66FCD8731]
	GetHandleVerifier [0x00007FF67018646D+3118813]
	GetHandleVerifier [0x00007FF6701D6CC0+3448624]
	GetHandleVerifier [0x00007FF6701CCF3D+3408301]
	GetHandleVerifier [0x00007FF66FF5A44B+841403]
	(No symbol) [0x00007FF66FE0344F]
	(No symbol) [0x00007FF66FDFF4C4]
	(No symbol) [0x00007FF66FDFF65D]
	(No symbol) [0x00007FF66FDEEBB9]
	BaseThreadInitThunk [0x00007FFDA754257D+29]
	RtlUserThreadStart [0x00007FFDA898AF08+40]

2024-11-01 11:18:26,666 - ERROR - Erro durante a execução: Message: element click intercepted: Element <div role="option" id="rc_select_0_list_1" aria-selected="false" class="ant-select-item ant-select-item-option" title="100 / página">...</div> is not clickable at point (871, 731). Other element would receive the click: <span class="sc-jhhoqv fKgWEM">...</span>
  (Session info: chrome=130.0.6723.70)
Stacktrace:
	GetHandleVerifier [0x00007FF66FE93AF5+28005]
	(No symbol) [0x00007FF66FDF83F0]
	(No symbol) [0x00007FF66FC9580A]
	(No symbol) [0x00007FF66FCED6CE]
	(No symbol) [0x00007FF66FCEB16C]
	(No symbol) [0x00007FF66FCE8628]
	(No symbol) [0x00007FF66FCE785D]
	(No symbol) [0x00007FF66FCD990E]
	(No symbol) [0x00007FF66FD0BA3A]
	(No symbol) [0x00007FF66FCD9246]
	(No symbol) [0x00007FF66FD0BC50]
	(No symbol) [0x00007FF66FD2B8B3]
	(No symbol) [0x00007FF66FD0B7E3]
	(No symbol) [0x00007FF66FCD75C8]
	(No symbol) [0x00007FF66FCD8731]
	GetHandleVerifier [0x00007FF67018646D+3118813]
	GetHandleVerifier [0x00007FF6701D6CC0+3448624]
	GetHandleVerifier [0x00007FF6701CCF3D+3408301]
	GetHandleVerifier [0x00007FF66FF5A44B+841403]
	(No symbol) [0x00007FF66FE0344F]
	(No symbol) [0x00007FF66FDFF4C4]
	(No symbol) [0x00007FF66FDFF65D]
	(No symbol) [0x00007FF66FDEEBB9]
	BaseThreadInitThunk [0x00007FFDA754257D+29]
	RtlUserThreadStart [0x00007FFDA898AF08+40]

2024-11-01 11:18:28,925 - INFO - Navegador fechado
2024-11-01 11:19:12,520 - INFO - Login realizado com sucesso
2024-11-01 11:20:47,375 - INFO - IDC 322274 não encontrado na planilha. Avançando para o próximo...
2024-11-01 11:20:51,635 - INFO - IDC 321801 não encontrado na planilha. Avançando para o próximo...
2024-11-01 11:20:52,928 - INFO - IDC 321562 não encontrado na planilha. Avançando para o próximo...
2024-11-01 11:20:53,898 - INFO - IDC 321377 não encontrado na planilha. Avançando para o próximo...
2024-11-01 11:21:10,184 - INFO - IDC 321961 não encontrado na planilha. Avançando para o próximo...
2024-11-01 11:21:14,257 - INFO - IDC 322302 não encontrado na planilha. Avançando para o próximo...
2024-11-01 11:21:14,262 - INFO - IDC 322514 não encontrado na planilha. Avançando para o próximo...
2024-11-01 11:21:14,268 - INFO - IDC 322466 não encontrado na planilha. Avançando para o próximo...
2024-11-01 11:21:14,273 - INFO - IDC 322464 não encontrado na planilha. Avançando para o próximo...
2024-11-01 11:21:14,278 - INFO - IDC 322451 não encontrado na planilha. Avançando para o próximo...
2024-11-01 11:21:14,285 - INFO - IDC 322377 não encontrado na planilha. Avançando para o próximo...
2024-11-01 11:21:14,291 - INFO - IDC 322330 não encontrado na planilha. Avançando para o próximo...
2024-11-01 11:21:14,295 - INFO - IDC 322309 não encontrado na planilha. Avançando para o próximo...
2024-11-01 11:21:14,299 - INFO - IDC 322305 não encontrado na planilha. Avançando para o próximo...
2024-11-01 11:21:14,304 - INFO - IDC 322300 não encontrado na planilha. Avançando para o próximo...
2024-11-01 11:21:14,309 - INFO - IDC 322268 não encontrado na planilha. Avançando para o próximo...
2024-11-01 11:21:14,314 - INFO - IDC 322258 não encontrado na planilha. Avançando para o próximo...
2024-11-01 11:21:14,321 - INFO - IDC 322136 não encontrado na planilha. Avançando para o próximo...
2024-11-01 11:21:14,326 - INFO - IDC 322103 não encontrado na planilha. Avançando para o próximo...
2024-11-01 11:21:14,330 - INFO - IDC 322021 não encontrado na planilha. Avançando para o próximo...
2024-11-01 11:21:14,336 - INFO - IDC 321981 não encontrado na planilha. Avançando para o próximo...
2024-11-01 11:21:14,340 - INFO - IDC 321980 não encontrado na planilha. Avançando para o próximo...
2024-11-01 11:21:14,344 - INFO - IDC 321976 não encontrado na planilha. Avançando para o próximo...
2024-11-01 11:21:14,347 - INFO - IDC 321954 não encontrado na planilha. Avançando para o próximo...
2024-11-01 11:21:14,353 - INFO - IDC 321757 não encontrado na planilha. Avançando para o próximo...
2024-11-01 11:21:14,358 - INFO - IDC 321491 não encontrado na planilha. Avançando para o próximo...
2024-11-01 11:21:14,361 - INFO - IDC 320990 não encontrado na planilha. Avançando para o próximo...
2024-11-01 11:21:14,365 - INFO - IDC 319525 não encontrado na planilha. Avançando para o próximo...
2024-11-01 11:21:14,370 - INFO - IDC 318906 não encontrado na planilha. Avançando para o próximo...
2024-11-01 11:21:14,374 - INFO - IDC 317668 não encontrado na planilha. Avançando para o próximo...
2024-11-01 11:21:14,377 - INFO - IDC 322083 não encontrado na planilha. Avançando para o próximo...
2024-11-01 11:21:14,381 - INFO - IDC 322482 não encontrado na planilha. Avançando para o próximo...
2024-11-01 11:21:14,389 - INFO - IDC 322529 não encontrado na planilha. Avançando para o próximo...
2024-11-01 11:21:14,393 - INFO - IDC 322439 não encontrado na planilha. Avançando para o próximo...
2024-11-01 11:21:14,396 - INFO - IDC 322348 não encontrado na planilha. Avançando para o próximo...
2024-11-01 11:21:14,404 - INFO - IDC 322275 não encontrado na planilha. Avançando para o próximo...
2024-11-01 11:21:14,408 - INFO - IDC 322180 não encontrado na planilha. Avançando para o próximo...
2024-11-01 11:21:14,412 - INFO - IDC 322178 não encontrado na planilha. Avançando para o próximo...
2024-11-01 11:21:14,417 - INFO - IDC 321836 não encontrado na planilha. Avançando para o próximo...
2024-11-01 11:21:14,422 - INFO - IDC 321802 não encontrado na planilha. Avançando para o próximo...
2024-11-01 11:21:14,426 - INFO - IDC 321754 não encontrado na planilha. Avançando para o próximo...
2024-11-01 11:21:14,429 - INFO - IDC 321563 não encontrado na planilha. Avançando para o próximo...
2024-11-01 11:21:14,432 - INFO - IDC 321013 não encontrado na planilha. Avançando para o próximo...
2024-11-01 11:21:14,437 - INFO - IDC 322453 não encontrado na planilha. Avançando para o próximo...
2024-11-01 11:21:14,441 - INFO - IDC 322388 não encontrado na planilha. Avançando para o próximo...
2024-11-01 11:21:14,444 - INFO - IDC 321720 não encontrado na planilha. Avançando para o próximo...
2024-11-01 11:21:14,449 - INFO - IDC 321697 não encontrado na planilha. Avançando para o próximo...
2024-11-01 11:21:14,457 - INFO - IDC 321661 não encontrado na planilha. Avançando para o próximo...
2024-11-01 11:21:14,461 - INFO - IDC 321083 não encontrado na planilha. Avançando para o próximo...
2024-11-01 11:21:16,743 - INFO - Processando IDC: 322523
2024-11-01 11:21:41,247 - ERROR - Erro ao processar item: Message: element click intercepted: Element <button type="button" class="ant-btn css-var-r0 ant-btn-circle ant-btn-primary ant-btn-sm ant-btn-icon-only sc-khjKqu jNsvJU">...</button> is not clickable at point (68, 744). Other element would receive the click: <div class="ant-spin-container ant-spin-blur">...</div>
  (Session info: chrome=130.0.6723.70)
Stacktrace:
	GetHandleVerifier [0x00007FF66FE93AF5+28005]
	(No symbol) [0x00007FF66FDF83F0]
	(No symbol) [0x00007FF66FC9580A]
	(No symbol) [0x00007FF66FCED6CE]
	(No symbol) [0x00007FF66FCEB16C]
	(No symbol) [0x00007FF66FCE8628]
	(No symbol) [0x00007FF66FCE785D]
	(No symbol) [0x00007FF66FCD990E]
	(No symbol) [0x00007FF66FD0BA3A]
	(No symbol) [0x00007FF66FCD9246]
	(No symbol) [0x00007FF66FD0BC50]
	(No symbol) [0x00007FF66FD2B8B3]
	(No symbol) [0x00007FF66FD0B7E3]
	(No symbol) [0x00007FF66FCD75C8]
	(No symbol) [0x00007FF66FCD8731]
	GetHandleVerifier [0x00007FF67018646D+3118813]
	GetHandleVerifier [0x00007FF6701D6CC0+3448624]
	GetHandleVerifier [0x00007FF6701CCF3D+3408301]
	GetHandleVerifier [0x00007FF66FF5A44B+841403]
	(No symbol) [0x00007FF66FE0344F]
	(No symbol) [0x00007FF66FDFF4C4]
	(No symbol) [0x00007FF66FDFF65D]
	(No symbol) [0x00007FF66FDEEBB9]
	BaseThreadInitThunk [0x00007FFDA754257D+29]
	RtlUserThreadStart [0x00007FFDA898AF08+40]

2024-11-01 11:21:43,578 - INFO - Navegador fechado
2024-11-01 11:22:07,830 - INFO - Login realizado com sucesso
2024-11-01 11:24:33,877 - INFO - IDC 322274 não encontrado na planilha. Avançando para o próximo...
2024-11-01 11:24:33,885 - INFO - IDC 321801 não encontrado na planilha. Avançando para o próximo...
2024-11-01 11:24:33,889 - INFO - IDC 321562 não encontrado na planilha. Avançando para o próximo...
2024-11-01 11:24:33,893 - INFO - IDC 321377 não encontrado na planilha. Avançando para o próximo...
2024-11-01 11:24:33,897 - INFO - IDC 321961 não encontrado na planilha. Avançando para o próximo...
2024-11-01 11:24:33,902 - INFO - IDC 322302 não encontrado na planilha. Avançando para o próximo...
2024-11-01 11:24:33,907 - INFO - IDC 322514 não encontrado na planilha. Avançando para o próximo...
2024-11-01 11:24:33,910 - INFO - IDC 322466 não encontrado na planilha. Avançando para o próximo...
2024-11-01 11:24:33,913 - INFO - IDC 322464 não encontrado na planilha. Avançando para o próximo...
2024-11-01 11:24:33,919 - INFO - IDC 322451 não encontrado na planilha. Avançando para o próximo...
2024-11-01 11:24:33,923 - INFO - IDC 322377 não encontrado na planilha. Avançando para o próximo...
2024-11-01 11:24:33,927 - INFO - IDC 322330 não encontrado na planilha. Avançando para o próximo...
2024-11-01 11:24:33,930 - INFO - IDC 322309 não encontrado na planilha. Avançando para o próximo...
2024-11-01 11:24:33,937 - INFO - IDC 322305 não encontrado na planilha. Avançando para o próximo...
2024-11-01 11:24:33,941 - INFO - IDC 322300 não encontrado na planilha. Avançando para o próximo...
2024-11-01 11:24:33,947 - INFO - IDC 322268 não encontrado na planilha. Avançando para o próximo...
2024-11-01 11:24:33,953 - INFO - IDC 322258 não encontrado na planilha. Avançando para o próximo...
2024-11-01 11:24:33,958 - INFO - IDC 322136 não encontrado na planilha. Avançando para o próximo...
2024-11-01 11:24:33,963 - INFO - IDC 322103 não encontrado na planilha. Avançando para o próximo...
2024-11-01 11:24:33,969 - INFO - IDC 322021 não encontrado na planilha. Avançando para o próximo...
2024-11-01 11:24:33,974 - INFO - IDC 321981 não encontrado na planilha. Avançando para o próximo...
2024-11-01 11:24:33,979 - INFO - IDC 321980 não encontrado na planilha. Avançando para o próximo...
2024-11-01 11:24:33,985 - INFO - IDC 321976 não encontrado na planilha. Avançando para o próximo...
2024-11-01 11:24:33,990 - INFO - IDC 321954 não encontrado na planilha. Avançando para o próximo...
2024-11-01 11:24:33,994 - INFO - IDC 321757 não encontrado na planilha. Avançando para o próximo...
2024-11-01 11:24:34,000 - INFO - IDC 321491 não encontrado na planilha. Avançando para o próximo...
2024-11-01 11:24:34,006 - INFO - IDC 320990 não encontrado na planilha. Avançando para o próximo...
2024-11-01 11:24:34,010 - INFO - IDC 319525 não encontrado na planilha. Avançando para o próximo...
2024-11-01 11:24:34,016 - INFO - IDC 318906 não encontrado na planilha. Avançando para o próximo...
2024-11-01 11:24:34,021 - INFO - IDC 317668 não encontrado na planilha. Avançando para o próximo...
2024-11-01 11:24:34,027 - INFO - IDC 322083 não encontrado na planilha. Avançando para o próximo...
2024-11-01 11:24:34,031 - INFO - IDC 322482 não encontrado na planilha. Avançando para o próximo...
2024-11-01 11:24:34,036 - INFO - IDC 322529 não encontrado na planilha. Avançando para o próximo...
2024-11-01 11:24:34,040 - INFO - IDC 322533 não encontrado na planilha. Avançando para o próximo...
2024-11-01 11:24:34,045 - INFO - IDC 322439 não encontrado na planilha. Avançando para o próximo...
2024-11-01 11:24:34,050 - INFO - IDC 322348 não encontrado na planilha. Avançando para o próximo...
2024-11-01 11:24:34,054 - INFO - IDC 322275 não encontrado na planilha. Avançando para o próximo...
2024-11-01 11:24:34,058 - INFO - IDC 322203 não encontrado na planilha. Avançando para o próximo...
2024-11-01 11:24:34,062 - INFO - IDC 322178 não encontrado na planilha. Avançando para o próximo...
2024-11-01 11:24:34,067 - INFO - IDC 321836 não encontrado na planilha. Avançando para o próximo...
2024-11-01 11:24:34,072 - INFO - IDC 321802 não encontrado na planilha. Avançando para o próximo...
2024-11-01 11:24:34,075 - INFO - IDC 321754 não encontrado na planilha. Avançando para o próximo...
2024-11-01 11:24:34,079 - INFO - IDC 321563 não encontrado na planilha. Avançando para o próximo...
2024-11-01 11:24:34,084 - INFO - IDC 321013 não encontrado na planilha. Avançando para o próximo...
2024-11-01 11:24:34,089 - INFO - IDC 322453 não encontrado na planilha. Avançando para o próximo...
2024-11-01 11:24:34,092 - INFO - IDC 322535 não encontrado na planilha. Avançando para o próximo...
2024-11-01 11:24:34,096 - INFO - IDC 322388 não encontrado na planilha. Avançando para o próximo...
2024-11-01 11:24:34,102 - INFO - IDC 321720 não encontrado na planilha. Avançando para o próximo...
2024-11-01 11:24:34,105 - INFO - IDC 321697 não encontrado na planilha. Avançando para o próximo...
2024-11-01 11:24:34,109 - INFO - IDC 321661 não encontrado na planilha. Avançando para o próximo...
2024-11-01 11:24:36,424 - INFO - Navegador fechado
2024-11-01 11:25:01,870 - INFO - Login realizado com sucesso
2024-11-01 11:31:56,109 - INFO - Login realizado com sucesso
2024-11-01 11:32:29,196 - INFO - Login realizado com sucesso
2024-11-01 11:35:27,863 - INFO - IDC 322302 não encontrado na planilha. Avançando para o próximo...
2024-11-01 11:35:28,549 - INFO - IDC 322514 não encontrado na planilha. Avançando para o próximo...
2024-11-01 11:35:28,553 - INFO - IDC 322466 não encontrado na planilha. Avançando para o próximo...
2024-11-01 11:35:28,561 - INFO - IDC 322464 não encontrado na planilha. Avançando para o próximo...
2024-11-01 11:35:28,567 - INFO - IDC 322451 não encontrado na planilha. Avançando para o próximo...
2024-11-01 11:35:28,573 - INFO - IDC 322377 não encontrado na planilha. Avançando para o próximo...
2024-11-01 11:35:28,579 - INFO - IDC 322330 não encontrado na planilha. Avançando para o próximo...
2024-11-01 11:35:28,584 - INFO - IDC 322309 não encontrado na planilha. Avançando para o próximo...
2024-11-01 11:35:28,589 - INFO - IDC 322305 não encontrado na planilha. Avançando para o próximo...
2024-11-01 11:35:28,597 - INFO - IDC 322300 não encontrado na planilha. Avançando para o próximo...
2024-11-01 11:35:28,603 - INFO - IDC 322268 não encontrado na planilha. Avançando para o próximo...
2024-11-01 11:35:28,609 - INFO - IDC 322258 não encontrado na planilha. Avançando para o próximo...
2024-11-01 11:35:28,615 - INFO - IDC 322136 não encontrado na planilha. Avançando para o próximo...
2024-11-01 11:35:28,623 - INFO - IDC 322103 não encontrado na planilha. Avançando para o próximo...
2024-11-01 11:35:28,630 - INFO - IDC 322021 não encontrado na planilha. Avançando para o próximo...
2024-11-01 11:35:28,636 - INFO - IDC 321981 não encontrado na planilha. Avançando para o próximo...
2024-11-01 11:35:28,643 - INFO - IDC 321980 não encontrado na planilha. Avançando para o próximo...
2024-11-01 11:35:28,648 - INFO - IDC 321976 não encontrado na planilha. Avançando para o próximo...
2024-11-01 11:35:28,653 - INFO - IDC 321958 não encontrado na planilha. Avançando para o próximo...
2024-11-01 11:35:28,659 - INFO - IDC 321954 não encontrado na planilha. Avançando para o próximo...
2024-11-01 11:35:28,666 - INFO - IDC 321757 não encontrado na planilha. Avançando para o próximo...
2024-11-01 11:35:28,671 - INFO - IDC 321491 não encontrado na planilha. Avançando para o próximo...
2024-11-01 11:35:28,677 - INFO - IDC 320990 não encontrado na planilha. Avançando para o próximo...
2024-11-01 11:35:28,683 - INFO - IDC 319525 não encontrado na planilha. Avançando para o próximo...
2024-11-01 11:35:28,687 - INFO - IDC 318906 não encontrado na planilha. Avançando para o próximo...
2024-11-01 11:35:28,694 - INFO - IDC 317668 não encontrado na planilha. Avançando para o próximo...
2024-11-01 11:35:28,699 - INFO - IDC 322083 não encontrado na planilha. Avançando para o próximo...
2024-11-01 11:35:28,704 - INFO - IDC 322482 não encontrado na planilha. Avançando para o próximo...
2024-11-01 11:35:28,709 - INFO - IDC 322529 não encontrado na planilha. Avançando para o próximo...
2024-11-01 11:35:28,714 - INFO - IDC 322533 não encontrado na planilha. Avançando para o próximo...
2024-11-01 11:35:28,718 - INFO - IDC 322439 não encontrado na planilha. Avançando para o próximo...
2024-11-01 11:35:28,722 - INFO - IDC 322348 não encontrado na planilha. Avançando para o próximo...
2024-11-01 11:35:28,728 - INFO - IDC 322275 não encontrado na planilha. Avançando para o próximo...
2024-11-01 11:35:28,732 - INFO - IDC 322203 não encontrado na planilha. Avançando para o próximo...
2024-11-01 11:35:28,736 - INFO - IDC 322178 não encontrado na planilha. Avançando para o próximo...
2024-11-01 11:35:28,744 - INFO - IDC 321836 não encontrado na planilha. Avançando para o próximo...
2024-11-01 11:35:28,748 - INFO - IDC 321802 não encontrado na planilha. Avançando para o próximo...
2024-11-01 11:35:28,752 - INFO - IDC 321754 não encontrado na planilha. Avançando para o próximo...
2024-11-01 11:35:28,759 - INFO - IDC 321700 não encontrado na planilha. Avançando para o próximo...
2024-11-01 11:35:28,764 - INFO - IDC 321563 não encontrado na planilha. Avançando para o próximo...
2024-11-01 11:35:28,768 - INFO - IDC 321374 não encontrado na planilha. Avançando para o próximo...
2024-11-01 11:35:28,771 - INFO - IDC 321013 não encontrado na planilha. Avançando para o próximo...
2024-11-01 11:35:28,776 - INFO - IDC 322453 não encontrado na planilha. Avançando para o próximo...
2024-11-01 11:35:28,780 - INFO - IDC 322535 não encontrado na planilha. Avançando para o próximo...
2024-11-01 11:35:28,784 - INFO - IDC 322388 não encontrado na planilha. Avançando para o próximo...
2024-11-01 11:35:28,788 - INFO - IDC 321720 não encontrado na planilha. Avançando para o próximo...
2024-11-01 11:35:28,793 - INFO - IDC 321697 não encontrado na planilha. Avançando para o próximo...
2024-11-01 11:35:28,797 - INFO - IDC 321661 não encontrado na planilha. Avançando para o próximo...
2024-11-01 11:35:28,801 - INFO - IDC 321083 não encontrado na planilha. Avançando para o próximo...
2024-11-01 11:35:30,903 - INFO - Processando IDC: 322523
2024-11-01 11:38:10,853 - INFO - Login realizado com sucesso
2024-11-01 11:43:34,755 - INFO - Processando IDC: 322302
2024-11-01 11:49:45,783 - INFO - Login realizado com sucesso
2024-11-01 11:50:31,064 - INFO - IDC 322514 não encontrado na planilha. Avançando para o próximo...
2024-11-01 11:50:34,229 - INFO - IDC 322466 não encontrado na planilha. Avançando para o próximo...
2024-11-01 11:50:34,234 - INFO - IDC 322464 não encontrado na planilha. Avançando para o próximo...
2024-11-01 11:50:34,238 - INFO - IDC 322451 não encontrado na planilha. Avançando para o próximo...
2024-11-01 11:50:34,246 - INFO - IDC 322377 não encontrado na planilha. Avançando para o próximo...
2024-11-01 11:50:34,251 - INFO - IDC 322330 não encontrado na planilha. Avançando para o próximo...
2024-11-01 11:50:34,256 - INFO - IDC 322309 não encontrado na planilha. Avançando para o próximo...
2024-11-01 11:50:34,260 - INFO - IDC 322305 não encontrado na planilha. Avançando para o próximo...
2024-11-01 11:50:34,265 - INFO - IDC 322300 não encontrado na planilha. Avançando para o próximo...
2024-11-01 11:50:34,268 - INFO - IDC 322268 não encontrado na planilha. Avançando para o próximo...
2024-11-01 11:50:34,273 - INFO - IDC 322258 não encontrado na planilha. Avançando para o próximo...
2024-11-01 11:50:34,278 - INFO - IDC 322136 não encontrado na planilha. Avançando para o próximo...
2024-11-01 11:50:34,283 - INFO - IDC 322103 não encontrado na planilha. Avançando para o próximo...
2024-11-01 11:50:34,287 - INFO - IDC 322021 não encontrado na planilha. Avançando para o próximo...
2024-11-01 11:50:34,291 - INFO - IDC 321981 não encontrado na planilha. Avançando para o próximo...
2024-11-01 11:50:34,295 - INFO - IDC 321980 não encontrado na planilha. Avançando para o próximo...
2024-11-01 11:50:34,299 - INFO - IDC 321976 não encontrado na planilha. Avançando para o próximo...
2024-11-01 11:50:34,303 - INFO - IDC 321958 não encontrado na planilha. Avançando para o próximo...
2024-11-01 11:50:34,307 - INFO - IDC 321954 não encontrado na planilha. Avançando para o próximo...
2024-11-01 11:50:34,312 - INFO - IDC 321757 não encontrado na planilha. Avançando para o próximo...
2024-11-01 11:50:34,317 - INFO - IDC 321491 não encontrado na planilha. Avançando para o próximo...
2024-11-01 11:50:34,322 - INFO - IDC 320990 não encontrado na planilha. Avançando para o próximo...
2024-11-01 11:50:34,326 - INFO - IDC 319525 não encontrado na planilha. Avançando para o próximo...
2024-11-01 11:50:34,330 - INFO - IDC 318906 não encontrado na planilha. Avançando para o próximo...
2024-11-01 11:50:34,335 - INFO - IDC 317668 não encontrado na planilha. Avançando para o próximo...
2024-11-01 11:50:34,338 - INFO - IDC 322083 não encontrado na planilha. Avançando para o próximo...
2024-11-01 11:50:34,342 - INFO - IDC 322482 não encontrado na planilha. Avançando para o próximo...
2024-11-01 11:50:34,348 - INFO - IDC 322529 não encontrado na planilha. Avançando para o próximo...
2024-11-01 11:50:34,353 - INFO - IDC 322533 não encontrado na planilha. Avançando para o próximo...
2024-11-01 11:50:34,356 - INFO - IDC 322439 não encontrado na planilha. Avançando para o próximo...
2024-11-01 11:50:34,363 - INFO - IDC 322348 não encontrado na planilha. Avançando para o próximo...
2024-11-01 11:50:34,366 - INFO - IDC 322275 não encontrado na planilha. Avançando para o próximo...
2024-11-01 11:50:34,371 - INFO - IDC 322203 não encontrado na planilha. Avançando para o próximo...
2024-11-01 11:50:34,376 - INFO - IDC 322178 não encontrado na planilha. Avançando para o próximo...
2024-11-01 11:50:34,381 - INFO - IDC 321836 não encontrado na planilha. Avançando para o próximo...
2024-11-01 11:50:34,386 - INFO - IDC 321802 não encontrado na planilha. Avançando para o próximo...
2024-11-01 11:50:34,391 - INFO - IDC 321754 não encontrado na planilha. Avançando para o próximo...
2024-11-01 11:50:34,396 - INFO - IDC 321700 não encontrado na planilha. Avançando para o próximo...
2024-11-01 11:50:34,401 - INFO - IDC 321563 não encontrado na planilha. Avançando para o próximo...
2024-11-01 11:50:34,405 - INFO - IDC 321534 não encontrado na planilha. Avançando para o próximo...
2024-11-01 11:50:34,410 - INFO - IDC 321374 não encontrado na planilha. Avançando para o próximo...
2024-11-01 11:50:34,416 - INFO - IDC 321013 não encontrado na planilha. Avançando para o próximo...
2024-11-01 11:50:34,420 - INFO - IDC 322453 não encontrado na planilha. Avançando para o próximo...
2024-11-01 11:50:34,425 - INFO - IDC 322535 não encontrado na planilha. Avançando para o próximo...
2024-11-01 11:50:34,431 - INFO - IDC 322388 não encontrado na planilha. Avançando para o próximo...
2024-11-01 11:50:34,436 - INFO - IDC 321720 não encontrado na planilha. Avançando para o próximo...
2024-11-01 11:50:34,441 - INFO - IDC 321697 não encontrado na planilha. Avançando para o próximo...
2024-11-01 11:50:34,450 - INFO - IDC 321661 não encontrado na planilha. Avançando para o próximo...
2024-11-01 11:50:34,455 - INFO - IDC 321083 não encontrado na planilha. Avançando para o próximo...
2024-11-01 11:50:34,464 - INFO - IDC 322551 não encontrado na planilha. Avançando para o próximo...
2024-11-01 11:50:36,752 - INFO - Navegador fechado
2024-11-01 11:50:56,383 - INFO - Login realizado com sucesso
2024-11-01 11:59:29,198 - INFO - Login realizado com sucesso
2024-11-01 12:02:37,678 - INFO - IDC 322466 não encontrado na planilha. Avançando para o próximo...
2024-11-01 12:02:37,682 - INFO - IDC 322464 não encontrado na planilha. Avançando para o próximo...
2024-11-01 12:02:37,688 - INFO - IDC 322451 não encontrado na planilha. Avançando para o próximo...
2024-11-01 12:02:37,693 - INFO - IDC 322377 não encontrado na planilha. Avançando para o próximo...
2024-11-01 12:02:37,697 - INFO - IDC 322330 não encontrado na planilha. Avançando para o próximo...
2024-11-01 12:02:37,701 - INFO - IDC 322309 não encontrado na planilha. Avançando para o próximo...
2024-11-01 12:02:37,706 - INFO - IDC 322305 não encontrado na planilha. Avançando para o próximo...
2024-11-01 12:02:37,711 - INFO - IDC 322300 não encontrado na planilha. Avançando para o próximo...
2024-11-01 12:02:37,715 - INFO - IDC 322268 não encontrado na planilha. Avançando para o próximo...
2024-11-01 12:02:37,720 - INFO - IDC 322258 não encontrado na planilha. Avançando para o próximo...
2024-11-01 12:02:37,724 - INFO - IDC 322136 não encontrado na planilha. Avançando para o próximo...
2024-11-01 12:02:37,728 - INFO - IDC 322103 não encontrado na planilha. Avançando para o próximo...
2024-11-01 12:02:37,732 - INFO - IDC 322021 não encontrado na planilha. Avançando para o próximo...
2024-11-01 12:02:37,737 - INFO - IDC 321981 não encontrado na planilha. Avançando para o próximo...
2024-11-01 12:02:37,741 - INFO - IDC 321980 não encontrado na planilha. Avançando para o próximo...
2024-11-01 12:02:37,746 - INFO - IDC 321976 não encontrado na planilha. Avançando para o próximo...
2024-11-01 12:02:37,752 - INFO - IDC 321958 não encontrado na planilha. Avançando para o próximo...
2024-11-01 12:02:37,756 - INFO - IDC 321954 não encontrado na planilha. Avançando para o próximo...
2024-11-01 12:02:37,760 - INFO - IDC 321757 não encontrado na planilha. Avançando para o próximo...
2024-11-01 12:02:37,764 - INFO - IDC 321491 não encontrado na planilha. Avançando para o próximo...
2024-11-01 12:02:37,769 - INFO - IDC 320990 não encontrado na planilha. Avançando para o próximo...
2024-11-01 12:02:37,773 - INFO - IDC 319525 não encontrado na planilha. Avançando para o próximo...
2024-11-01 12:02:37,777 - INFO - IDC 318906 não encontrado na planilha. Avançando para o próximo...
2024-11-01 12:02:37,781 - INFO - IDC 317668 não encontrado na planilha. Avançando para o próximo...
2024-11-01 12:02:37,785 - INFO - IDC 322083 não encontrado na planilha. Avançando para o próximo...
2024-11-01 12:02:37,789 - INFO - IDC 322482 não encontrado na planilha. Avançando para o próximo...
2024-11-01 12:02:37,793 - INFO - IDC 322182 não encontrado na planilha. Avançando para o próximo...
2024-11-01 12:02:37,797 - INFO - IDC 322533 não encontrado na planilha. Avançando para o próximo...
2024-11-01 12:02:37,802 - INFO - IDC 322439 não encontrado na planilha. Avançando para o próximo...
2024-11-01 12:02:37,806 - INFO - IDC 322348 não encontrado na planilha. Avançando para o próximo...
2024-11-01 12:02:37,810 - INFO - IDC 322275 não encontrado na planilha. Avançando para o próximo...
2024-11-01 12:02:37,814 - INFO - IDC 322203 não encontrado na planilha. Avançando para o próximo...
2024-11-01 12:02:37,818 - INFO - IDC 322178 não encontrado na planilha. Avançando para o próximo...
2024-11-01 12:02:37,822 - INFO - IDC 321836 não encontrado na planilha. Avançando para o próximo...
2024-11-01 12:02:37,826 - INFO - IDC 321802 não encontrado na planilha. Avançando para o próximo...
2024-11-01 12:02:37,830 - INFO - IDC 321754 não encontrado na planilha. Avançando para o próximo...
2024-11-01 12:02:37,834 - INFO - IDC 321700 não encontrado na planilha. Avançando para o próximo...
2024-11-01 12:02:37,838 - INFO - IDC 321563 não encontrado na planilha. Avançando para o próximo...
2024-11-01 12:02:37,841 - INFO - IDC 321534 não encontrado na planilha. Avançando para o próximo...
2024-11-01 12:02:37,845 - INFO - IDC 321374 não encontrado na planilha. Avançando para o próximo...
2024-11-01 12:02:37,848 - INFO - IDC 321013 não encontrado na planilha. Avançando para o próximo...
2024-11-01 12:02:37,853 - INFO - IDC 322453 não encontrado na planilha. Avançando para o próximo...
2024-11-01 12:02:37,856 - INFO - IDC 322535 não encontrado na planilha. Avançando para o próximo...
2024-11-01 12:02:37,860 - INFO - IDC 322388 não encontrado na planilha. Avançando para o próximo...
2024-11-01 12:02:37,863 - INFO - IDC 321720 não encontrado na planilha. Avançando para o próximo...
2024-11-01 12:02:37,867 - INFO - IDC 321697 não encontrado na planilha. Avançando para o próximo...
2024-11-01 12:02:37,870 - INFO - IDC 321661 não encontrado na planilha. Avançando para o próximo...
2024-11-01 12:02:37,874 - INFO - IDC 321083 não encontrado na planilha. Avançando para o próximo...
2024-11-01 12:02:37,878 - INFO - IDC 322551 não encontrado na planilha. Avançando para o próximo...
2024-11-01 12:02:37,881 - INFO - IDC 322544 não encontrado na planilha. Avançando para o próximo...
2024-11-01 12:02:40,091 - INFO - Navegador fechado
2024-11-01 12:02:59,526 - INFO - Login realizado com sucesso
2024-11-01 12:05:01,574 - INFO - IDC 322557 não encontrado na planilha. Avançando para o próximo...
2024-11-01 12:05:01,581 - INFO - IDC 322556 não encontrado na planilha. Avançando para o próximo...
2024-11-01 12:05:01,585 - INFO - IDC 322555 não encontrado na planilha. Avançando para o próximo...
2024-11-01 12:05:01,589 - INFO - IDC 322554 não encontrado na planilha. Avançando para o próximo...
2024-11-01 12:05:01,594 - INFO - IDC 322553 não encontrado na planilha. Avançando para o próximo...
2024-11-01 12:05:01,597 - INFO - IDC 322552 não encontrado na planilha. Avançando para o próximo...
2024-11-01 12:05:01,600 - INFO - IDC 322551 não encontrado na planilha. Avançando para o próximo...
2024-11-01 12:05:01,606 - INFO - IDC 322547 não encontrado na planilha. Avançando para o próximo...
2024-11-01 12:05:01,609 - INFO - IDC 322546 não encontrado na planilha. Avançando para o próximo...
2024-11-01 12:05:01,613 - INFO - IDC 322545 não encontrado na planilha. Avançando para o próximo...
2024-11-01 12:05:01,617 - INFO - IDC 322544 não encontrado na planilha. Avançando para o próximo...
2024-11-01 12:05:01,620 - INFO - IDC 322542 não encontrado na planilha. Avançando para o próximo...
2024-11-01 12:05:01,624 - INFO - IDC 322541 não encontrado na planilha. Avançando para o próximo...
2024-11-01 12:05:01,627 - INFO - IDC 322540 não encontrado na planilha. Avançando para o próximo...
2024-11-01 12:05:01,631 - INFO - IDC 322538 não encontrado na planilha. Avançando para o próximo...
2024-11-01 12:05:01,635 - INFO - IDC 322535 não encontrado na planilha. Avançando para o próximo...
2024-11-01 12:05:01,639 - INFO - IDC 322534 não encontrado na planilha. Avançando para o próximo...
2024-11-01 12:05:01,643 - INFO - IDC 322533 não encontrado na planilha. Avançando para o próximo...
2024-11-01 12:05:01,647 - INFO - IDC 322531 não encontrado na planilha. Avançando para o próximo...
2024-11-01 12:05:01,651 - INFO - IDC 322529 não encontrado na planilha. Avançando para o próximo...
2024-11-01 12:05:01,654 - INFO - IDC 322528 não encontrado na planilha. Avançando para o próximo...
2024-11-01 12:05:01,657 - INFO - IDC 322523 não encontrado na planilha. Avançando para o próximo...
2024-11-01 12:05:03,815 - INFO - Processando IDC: 322522
2024-11-01 12:08:42,597 - ERROR - Erro ao processar Licitação: Message: 

2024-11-01 12:08:51,016 - INFO - Processando IDC: 322521
2024-11-01 12:10:51,784 - INFO - Login realizado com sucesso
2024-11-01 12:12:11,934 - INFO - IDC 322559 não encontrado na planilha. Avançando para o próximo...
2024-11-01 12:12:11,941 - INFO - IDC 322557 não encontrado na planilha. Avançando para o próximo...
2024-11-01 12:12:11,946 - INFO - IDC 322556 não encontrado na planilha. Avançando para o próximo...
2024-11-01 12:12:11,952 - INFO - IDC 322555 não encontrado na planilha. Avançando para o próximo...
2024-11-01 12:12:11,958 - INFO - IDC 322554 não encontrado na planilha. Avançando para o próximo...
2024-11-01 12:12:11,964 - INFO - IDC 322553 não encontrado na planilha. Avançando para o próximo...
2024-11-01 12:12:11,970 - INFO - IDC 322552 não encontrado na planilha. Avançando para o próximo...
2024-11-01 12:12:11,977 - INFO - IDC 322551 não encontrado na planilha. Avançando para o próximo...
2024-11-01 12:12:11,983 - INFO - IDC 322547 não encontrado na planilha. Avançando para o próximo...
2024-11-01 12:12:11,989 - INFO - IDC 322546 não encontrado na planilha. Avançando para o próximo...
2024-11-01 12:12:11,994 - INFO - IDC 322545 não encontrado na planilha. Avançando para o próximo...
2024-11-01 12:12:12,000 - INFO - IDC 322544 não encontrado na planilha. Avançando para o próximo...
2024-11-01 12:12:12,006 - INFO - IDC 322542 não encontrado na planilha. Avançando para o próximo...
2024-11-01 12:12:12,011 - INFO - IDC 322541 não encontrado na planilha. Avançando para o próximo...
2024-11-01 12:12:12,018 - INFO - IDC 322540 não encontrado na planilha. Avançando para o próximo...
2024-11-01 12:12:12,023 - INFO - IDC 322538 não encontrado na planilha. Avançando para o próximo...
2024-11-01 12:12:12,030 - INFO - IDC 322535 não encontrado na planilha. Avançando para o próximo...
2024-11-01 12:12:12,035 - INFO - IDC 322534 não encontrado na planilha. Avançando para o próximo...
2024-11-01 12:12:12,039 - INFO - IDC 322533 não encontrado na planilha. Avançando para o próximo...
2024-11-01 12:12:12,044 - INFO - IDC 322531 não encontrado na planilha. Avançando para o próximo...
2024-11-01 12:12:12,050 - INFO - IDC 322529 não encontrado na planilha. Avançando para o próximo...
2024-11-01 12:12:12,055 - INFO - IDC 322528 não encontrado na planilha. Avançando para o próximo...
2024-11-01 12:12:12,059 - INFO - IDC 322523 não encontrado na planilha. Avançando para o próximo...
2024-11-01 12:12:13,650 - INFO - Processando IDC: 322522
2024-11-01 12:13:19,166 - ERROR - Erro ao processar Licitação: Message: 

2024-11-01 12:13:25,019 - INFO - Processando IDC: 322521
2024-11-01 12:17:14,064 - INFO - Login realizado com sucesso
2024-11-01 12:19:18,480 - INFO - Login realizado com sucesso
2024-11-01 12:20:25,100 - INFO - IDC 322565 não encontrado na planilha. Avançando para o próximo...
2024-11-01 12:20:25,106 - INFO - IDC 322564 não encontrado na planilha. Avançando para o próximo...
2024-11-01 12:20:25,111 - INFO - IDC 322561 não encontrado na planilha. Avançando para o próximo...
2024-11-01 12:20:25,117 - INFO - IDC 322560 não encontrado na planilha. Avançando para o próximo...
2024-11-01 12:20:25,122 - INFO - IDC 322559 não encontrado na planilha. Avançando para o próximo...
2024-11-01 12:20:25,129 - INFO - IDC 322557 não encontrado na planilha. Avançando para o próximo...
2024-11-01 12:20:25,137 - INFO - IDC 322556 não encontrado na planilha. Avançando para o próximo...
2024-11-01 12:20:25,146 - INFO - IDC 322555 não encontrado na planilha. Avançando para o próximo...
2024-11-01 12:20:25,151 - INFO - IDC 322554 não encontrado na planilha. Avançando para o próximo...
2024-11-01 12:20:25,157 - INFO - IDC 322553 não encontrado na planilha. Avançando para o próximo...
2024-11-01 12:20:25,163 - INFO - IDC 322552 não encontrado na planilha. Avançando para o próximo...
2024-11-01 12:20:25,168 - INFO - IDC 322551 não encontrado na planilha. Avançando para o próximo...
2024-11-01 12:20:25,172 - INFO - IDC 322547 não encontrado na planilha. Avançando para o próximo...
2024-11-01 12:20:25,178 - INFO - IDC 322546 não encontrado na planilha. Avançando para o próximo...
2024-11-01 12:20:25,185 - INFO - IDC 322545 não encontrado na planilha. Avançando para o próximo...
2024-11-01 12:20:25,192 - INFO - IDC 322544 não encontrado na planilha. Avançando para o próximo...
2024-11-01 12:20:25,195 - INFO - IDC 322542 não encontrado na planilha. Avançando para o próximo...
2024-11-01 12:20:25,201 - INFO - IDC 322541 não encontrado na planilha. Avançando para o próximo...
2024-11-01 12:20:25,206 - INFO - IDC 322540 não encontrado na planilha. Avançando para o próximo...
2024-11-01 12:20:25,211 - INFO - IDC 322538 não encontrado na planilha. Avançando para o próximo...
2024-11-01 12:20:25,215 - INFO - IDC 322535 não encontrado na planilha. Avançando para o próximo...
2024-11-01 12:20:25,221 - INFO - IDC 322534 não encontrado na planilha. Avançando para o próximo...
2024-11-01 12:20:25,227 - INFO - IDC 322533 não encontrado na planilha. Avançando para o próximo...
2024-11-01 12:20:25,232 - INFO - IDC 322531 não encontrado na planilha. Avançando para o próximo...
2024-11-01 12:20:25,236 - INFO - IDC 322529 não encontrado na planilha. Avançando para o próximo...
2024-11-01 12:20:25,242 - INFO - IDC 322528 não encontrado na planilha. Avançando para o próximo...
2024-11-01 12:20:25,247 - INFO - IDC 322523 não encontrado na planilha. Avançando para o próximo...
2024-11-01 12:20:26,598 - INFO - Processando IDC: 322522
2024-11-01 12:23:00,519 - INFO - Login realizado com sucesso
2024-11-01 12:24:54,348 - INFO - IDC 322565 não encontrado na planilha. Avançando para o próximo...
2024-11-01 12:24:54,353 - INFO - IDC 322564 não encontrado na planilha. Avançando para o próximo...
2024-11-01 12:24:54,359 - INFO - IDC 322561 não encontrado na planilha. Avançando para o próximo...
2024-11-01 12:24:54,362 - INFO - IDC 322560 não encontrado na planilha. Avançando para o próximo...
2024-11-01 12:24:54,367 - INFO - IDC 322559 não encontrado na planilha. Avançando para o próximo...
2024-11-01 12:24:54,371 - INFO - IDC 322557 não encontrado na planilha. Avançando para o próximo...
2024-11-01 12:24:54,376 - INFO - IDC 322556 não encontrado na planilha. Avançando para o próximo...
2024-11-01 12:24:54,380 - INFO - IDC 322555 não encontrado na planilha. Avançando para o próximo...
2024-11-01 12:24:54,384 - INFO - IDC 322554 não encontrado na planilha. Avançando para o próximo...
2024-11-01 12:24:54,389 - INFO - IDC 322553 não encontrado na planilha. Avançando para o próximo...
2024-11-01 12:24:54,393 - INFO - IDC 322552 não encontrado na planilha. Avançando para o próximo...
2024-11-01 12:24:54,397 - INFO - IDC 322551 não encontrado na planilha. Avançando para o próximo...
2024-11-01 12:24:54,407 - INFO - IDC 322547 não encontrado na planilha. Avançando para o próximo...
2024-11-01 12:24:54,413 - INFO - IDC 322546 não encontrado na planilha. Avançando para o próximo...
2024-11-01 12:24:54,421 - INFO - IDC 322545 não encontrado na planilha. Avançando para o próximo...
2024-11-01 12:24:54,428 - INFO - IDC 322544 não encontrado na planilha. Avançando para o próximo...
2024-11-01 12:24:54,432 - INFO - IDC 322542 não encontrado na planilha. Avançando para o próximo...
2024-11-01 12:24:54,442 - INFO - IDC 322541 não encontrado na planilha. Avançando para o próximo...
2024-11-01 12:24:54,447 - INFO - IDC 322540 não encontrado na planilha. Avançando para o próximo...
2024-11-01 12:24:54,453 - INFO - IDC 322538 não encontrado na planilha. Avançando para o próximo...
2024-11-01 12:24:54,457 - INFO - IDC 322535 não encontrado na planilha. Avançando para o próximo...
2024-11-01 12:24:54,462 - INFO - IDC 322534 não encontrado na planilha. Avançando para o próximo...
2024-11-01 12:24:54,467 - INFO - IDC 322533 não encontrado na planilha. Avançando para o próximo...
2024-11-01 12:24:54,472 - INFO - IDC 322531 não encontrado na planilha. Avançando para o próximo...
2024-11-01 12:24:54,476 - INFO - IDC 322529 não encontrado na planilha. Avançando para o próximo...
2024-11-01 12:24:54,480 - INFO - IDC 322528 não encontrado na planilha. Avançando para o próximo...
2024-11-01 12:24:54,485 - INFO - IDC 322523 não encontrado na planilha. Avançando para o próximo...
2024-11-01 12:24:55,505 - INFO - Processando IDC: 322522
